<?xml version="1.0" encoding="UTF-8"?>
<testng-results ignored="0" total="3" passed="3" failed="0" skipped="0">
  <reporter-output>
  </reporter-output>
  <suite started-at="2023-06-28T15:38:10 IST" name="Suite" finished-at="2023-06-28T15:38:31 IST" duration-ms="20782">
    <groups>
    </groups>
    <test started-at="2023-06-28T15:38:10 IST" name="Test" finished-at="2023-06-28T15:38:31 IST" duration-ms="20782">
      <class name="com.lambdatest.TestNGTodo1">
        <test-method is-config="true" signature="setup(java.lang.reflect.Method,org.testng.ITestContext)[pri:0, instance:com.lambdatest.TestNGTodo1@4d465b11]" started-at="2023-06-28T15:38:10 IST" name="setup" finished-at="2023-06-28T15:38:17 IST" duration-ms="6495" status="PASS">
          <params>
            <param index="0">
              <value>
                <![CDATA[public void com.lambdatest.TestNGTodo1.basicTest() throws java.lang.InterruptedException]]>
              </value>
            </param>
            <param index="1">
              <value>
                <![CDATA[org.testng.TestRunner@68c9133c]]>
              </value>
            </param>
          </params>
          <reporter-output>
          </reporter-output>
        </test-method> <!-- setup -->
        <test-method signature="basicTest()[pri:0, instance:com.lambdatest.TestNGTodo1@4d465b11]" started-at="2023-06-28T15:38:17 IST" name="basicTest" finished-at="2023-06-28T15:38:27 IST" duration-ms="10760" status="PASS">
          <reporter-output>
          </reporter-output>
        </test-method> <!-- basicTest -->
        <test-method is-config="true" signature="tearDown()[pri:0, instance:com.lambdatest.TestNGTodo1@4d465b11]" started-at="2023-06-28T15:38:27 IST" name="tearDown" finished-at="2023-06-28T15:38:29 IST" duration-ms="1458" status="PASS">
          <reporter-output>
          </reporter-output>
        </test-method> <!-- tearDown -->
      </class> <!-- com.lambdatest.TestNGTodo1 -->
      <class name="com.lambdatest.TestNGTodo2">
        <test-method is-config="true" signature="setup(java.lang.reflect.Method,org.testng.ITestContext)[pri:0, instance:com.lambdatest.TestNGTodo2@5d0a1059]" started-at="2023-06-28T15:38:10 IST" name="setup" finished-at="2023-06-28T15:38:17 IST" duration-ms="6897" status="PASS">
          <params>
            <param index="0">
              <value>
                <![CDATA[public void com.lambdatest.TestNGTodo2.basicTest() throws java.lang.InterruptedException]]>
              </value>
            </param>
            <param index="1">
              <value>
                <![CDATA[org.testng.TestRunner@68c9133c]]>
              </value>
            </param>
          </params>
          <reporter-output>
          </reporter-output>
        </test-method> <!-- setup -->
        <test-method signature="basicTest()[pri:0, instance:com.lambdatest.TestNGTodo2@5d0a1059]" started-at="2023-06-28T15:38:17 IST" name="basicTest" finished-at="2023-06-28T15:38:27 IST" duration-ms="10453" status="PASS">
          <reporter-output>
          </reporter-output>
        </test-method> <!-- basicTest -->
        <test-method is-config="true" signature="tearDown()[pri:0, instance:com.lambdatest.TestNGTodo2@5d0a1059]" started-at="2023-06-28T15:38:27 IST" name="tearDown" finished-at="2023-06-28T15:38:29 IST" duration-ms="1552" status="PASS">
          <reporter-output>
          </reporter-output>
        </test-method> <!-- tearDown -->
      </class> <!-- com.lambdatest.TestNGTodo2 -->
      <class name="com.lambdatest.TestNGTodo3">
        <test-method is-config="true" signature="setup(java.lang.reflect.Method,org.testng.ITestContext)[pri:0, instance:com.lambdatest.TestNGTodo3@485966cc]" started-at="2023-06-28T15:38:10 IST" name="setup" finished-at="2023-06-28T15:38:17 IST" duration-ms="7338" status="PASS">
          <params>
            <param index="0">
              <value>
                <![CDATA[public void com.lambdatest.TestNGTodo3.basicTest() throws java.lang.InterruptedException]]>
              </value>
            </param>
            <param index="1">
              <value>
                <![CDATA[org.testng.TestRunner@68c9133c]]>
              </value>
            </param>
          </params>
          <reporter-output>
          </reporter-output>
        </test-method> <!-- setup -->
        <test-method signature="basicTest()[pri:0, instance:com.lambdatest.TestNGTodo3@485966cc]" started-at="2023-06-28T15:38:17 IST" name="basicTest" finished-at="2023-06-28T15:38:29 IST" duration-ms="11698" status="PASS">
          <reporter-output>
          </reporter-output>
        </test-method> <!-- basicTest -->
        <test-method is-config="true" signature="tearDown()[pri:0, instance:com.lambdatest.TestNGTodo3@485966cc]" started-at="2023-06-28T15:38:29 IST" name="tearDown" finished-at="2023-06-28T15:38:31 IST" duration-ms="1707" status="PASS">
          <reporter-output>
          </reporter-output>
        </test-method> <!-- tearDown -->
      </class> <!-- com.lambdatest.TestNGTodo3 -->
    </test> <!-- Test -->
  </suite> <!-- Suite -->
</testng-results>
