<?xml version="1.0" encoding="UTF-8"?>
<!-- Generated by org.testng.reporters.JUnitXMLReporter -->
<testsuite ignored="0" hostname="ATMECSCBELT-011" failures="0" tests="3" name="Test" time="20.782" errors="0" timestamp="2023-06-28T15:38:31 IST">
  <testcase classname="com.lambdatest.TestNGTodo1" name="basicTest" time="10.76"/>
  <testcase classname="com.lambdatest.TestNGTodo2" name="basicTest" time="10.453"/>
  <testcase classname="com.lambdatest.TestNGTodo3" name="basicTest" time="11.698"/>
</testsuite> <!-- Test -->
